
{"level":"info","message":"Telegram бот временно отключён для тестирования API уведомлений","service":"telegram","timestamp":"2025-06-19T22:30:15.117Z"}
{"level":"info","message":"Инициализация системы событий","timestamp":"2025-06-19T22:30:15.118Z"}
{"level":"info","message":"Все слушатели событий зарегистрированы","timestamp":"2025-06-19T22:30:15.119Z"}
{"level":"info","message":"Система событий запущена и готова к работе","timestamp":"2025-06-19T22:30:15.120Z"}
{"level":"info","message":"Планировщик напоминаний запущен","service":"cron","timestamp":"2025-06-19T22:30:15.181Z"}
{"level":"info","message":"Планировщик напоминаний инициализирован","service":"cron","timestamp":"2025-06-19T22:30:15.181Z"}
{"environment":"development","level":"info","message":"Сервер запущен","port":"3000","timestamp":"2025-06-19T22:30:15.185Z"}
{"level":"info","message":"Система мониторинга и backup'ов инициализирована","timestamp":"2025-06-19T22:30:15.191Z"}
{"level":"info","message":"Telegram бот временно отключён для тестирования API уведомлений","service":"telegram","timestamp":"2025-06-19T22:35:29.422Z"}
{"level":"info","message":"Telegram бот временно отключён для тестирования API уведомлений","service":"telegram","timestamp":"2025-06-19T22:36:02.342Z"}
{"level":"info","message":"Telegram бот временно отключён для тестирования API уведомлений","service":"telegram","timestamp":"2025-06-19T22:37:55.591Z"}
{"level":"info","message":"Telegram бот временно отключён для тестирования API уведомлений","service":"telegram","timestamp":"2025-06-19T22:38:13.417Z"}
{"level":"info","message":"Инициализация системы событий","timestamp":"2025-06-19T22:38:13.420Z"}
{"level":"info","message":"Все слушатели событий зарегистрированы","timestamp":"2025-06-19T22:38:13.420Z"}
{"level":"info","message":"Система событий запущена и готова к работе","timestamp":"2025-06-19T22:38:13.420Z"}
{"level":"info","message":"Планировщик напоминаний запущен","service":"cron","timestamp":"2025-06-19T22:38:13.454Z"}
{"level":"info","message":"Планировщик напоминаний инициализирован","service":"cron","timestamp":"2025-06-19T22:38:13.454Z"}
{"environment":"development","level":"info","message":"Сервер запущен","port":"3000","timestamp":"2025-06-19T22:38:13.457Z"}
{"level":"info","message":"Система мониторинга и backup'ов инициализирована","timestamp":"2025-06-19T22:38:13.460Z"}
{"level":"info","message":"Запуск утренних напоминаний","service":"cron","timestamp":"2025-06-20T06:50:00.037Z"}
{"level":"info","message":"Все сотрудники уже отметили приход","service":"cron","timestamp":"2025-06-20T06:50:00.088Z"}
{"level":"info","message":"Telegram бот временно отключён для тестирования API уведомлений","service":"telegram","timestamp":"2025-06-20T08:33:22.811Z"}
{"level":"info","message":"Инициализация системы событий","timestamp":"2025-06-20T08:33:22.812Z"}
{"level":"info","message":"Все слушатели событий зарегистрированы","timestamp":"2025-06-20T08:33:22.812Z"}
{"level":"info","message":"Система событий запущена и готова к работе","timestamp":"2025-06-20T08:33:22.812Z"}
{"level":"info","message":"Планировщик напоминаний запущен","service":"cron","timestamp":"2025-06-20T08:33:22.866Z"}
{"level":"info","message":"Планировщик напоминаний инициализирован","service":"cron","timestamp":"2025-06-20T08:33:22.867Z"}
{"environment":"development","level":"info","message":"Сервер запущен","port":"3000","timestamp":"2025-06-20T08:33:22.869Z"}
{"level":"info","message":"Система мониторинга и backup'ов инициализирована","timestamp":"2025-06-20T08:33:22.877Z"}
